[0.007s] Invoking command in '/home/san/Desktop/workspace/ros2_ws/build/turtlesim': CMAKE_PREFIX_PATH=/opt/ros/foxy /usr/bin/cmake /home/san/Desktop/workspace/ros2_ws/src/ros_tutorials/turtlesim -DAMENT_CMAKE_SYMLINK_INSTALL=1 -DCMAKE_INSTALL_PREFIX=/home/san/Desktop/workspace/ros2_ws/install/turtlesim
[0.149s] -- The C compiler identification is GNU 9.4.0
[0.231s] -- The CXX compiler identification is GNU 9.4.0
[0.238s] -- Check for working C compiler: /usr/bin/cc
[0.276s] -- Check for working C compiler: /usr/bin/cc -- works
[0.277s] -- Detecting C compiler ABI info
[0.314s] -- Detecting C compiler ABI info - done
[0.322s] -- Detecting C compile features
[0.322s] -- Detecting C compile features - done
[0.324s] -- Check for working CXX compiler: /usr/bin/c++
[0.367s] -- Check for working CXX compiler: /usr/bin/c++ -- works
[0.367s] -- Detecting CXX compiler ABI info
[0.409s] -- Detecting CXX compiler ABI info - done
[0.416s] -- Detecting CXX compile features
[0.417s] -- Detecting CXX compile features - done
[0.423s] -- Found ament_cmake: 0.9.12 (/opt/ros/foxy/share/ament_cmake/cmake)
[0.441s] -- Found PythonInterp: /usr/bin/python3 (found suitable version "3.8.10", minimum required is "3") 
[0.441s] -- Using PYTHON_EXECUTABLE: /usr/bin/python3
[0.530s] -- Override CMake install command with custom implementation using symlinks instead of copying resources
[0.554s] -- Found ament_index_cpp: 1.1.0 (/opt/ros/foxy/share/ament_index_cpp/cmake)
[0.558s] -- Found geometry_msgs: 2.0.5 (/opt/ros/foxy/share/geometry_msgs/cmake)
[0.587s] -- Using all available rosidl_typesupport_c: rosidl_typesupport_fastrtps_c;rosidl_typesupport_introspection_c
[0.594s] -- Found rosidl_adapter: 1.3.1 (/opt/ros/foxy/share/rosidl_adapter/cmake)
[0.655s] -- Found OpenSSL: /usr/lib/aarch64-linux-gnu/libcrypto.so (found version "1.1.1f")  
[0.677s] -- Found FastRTPS: /opt/ros/foxy/include  
[0.739s] -- Using all available rosidl_typesupport_cpp: rosidl_typesupport_fastrtps_cpp;rosidl_typesupport_introspection_cpp
[0.823s] -- Found rclcpp: 2.4.3 (/opt/ros/foxy/share/rclcpp/cmake)
[0.866s] -- Found rmw_implementation_cmake: 1.0.4 (/opt/ros/foxy/share/rmw_implementation_cmake/cmake)
[0.868s] -- Using RMW implementation 'rmw_fastrtps_cpp' as default
[0.869s] -- Looking for pthread.h
[0.916s] -- Looking for pthread.h - found
[0.916s] -- Performing Test CMAKE_HAVE_LIBC_PTHREAD
[0.955s] -- Performing Test CMAKE_HAVE_LIBC_PTHREAD - Failed
[0.956s] -- Looking for pthread_create in pthreads
[1.004s] -- Looking for pthread_create in pthreads - not found
[1.004s] -- Looking for pthread_create in pthread
[1.044s] -- Looking for pthread_create in pthread - found
[1.045s] -- Found Threads: TRUE  
[1.155s] -- Found rclcpp_action: 2.4.3 (/opt/ros/foxy/share/rclcpp_action/cmake)
[1.218s] -- Found rosidl_default_generators: 1.0.1 (/opt/ros/foxy/share/rosidl_default_generators/cmake)
[1.228s] -- Found std_srvs: 2.0.5 (/opt/ros/foxy/share/std_srvs/cmake)
[1.249s] -- Found PythonInterp: /usr/bin/python3 (found version "3.8.10") 
[1.359s] -- Found ament_cmake_ros: 0.9.2 (/opt/ros/foxy/share/ament_cmake_ros/cmake)
[1.455s] -- Using all available rosidl_typesupport_c: rosidl_typesupport_fastrtps_c;rosidl_typesupport_introspection_c
[1.475s] -- Using all available rosidl_typesupport_cpp: rosidl_typesupport_fastrtps_cpp;rosidl_typesupport_introspection_cpp
[1.491s] -- Found PythonInterp: /usr/bin/python3 (found suitable version "3.8.10", minimum required is "3.5") 
[1.492s] -- Found python_cmake_module: 0.8.1 (/opt/ros/foxy/share/python_cmake_module/cmake)
[1.510s] -- Found PythonLibs: /usr/lib/aarch64-linux-gnu/libpython3.8.so (found suitable version "3.8.10", minimum required is "3.5") 
[1.511s] -- Using PYTHON_EXECUTABLE: /usr/bin/python3
[1.511s] -- Using PYTHON_INCLUDE_DIRS: /usr/include/python3.8
[1.511s] -- Using PYTHON_LIBRARIES: /usr/lib/aarch64-linux-gnu/libpython3.8.so
[1.522s] -- Found PythonExtra: .so  
[1.573s] -- Configuring done
[1.641s] -- Generating done
[1.644s] -- Build files have been written to: /home/san/Desktop/workspace/ros2_ws/build/turtlesim
[1.650s] Invoked command in '/home/san/Desktop/workspace/ros2_ws/build/turtlesim' returned '0': CMAKE_PREFIX_PATH=/opt/ros/foxy /usr/bin/cmake /home/san/Desktop/workspace/ros2_ws/src/ros_tutorials/turtlesim -DAMENT_CMAKE_SYMLINK_INSTALL=1 -DCMAKE_INSTALL_PREFIX=/home/san/Desktop/workspace/ros2_ws/install/turtlesim
[1.652s] Invoking command in '/home/san/Desktop/workspace/ros2_ws/build/turtlesim': CMAKE_PREFIX_PATH=/opt/ros/foxy /usr/bin/cmake --build /home/san/Desktop/workspace/ros2_ws/build/turtlesim -- -j4 -l4
[1.685s] [35m[1mScanning dependencies of target turtlesim__cpp[0m
[1.689s] [  1%] [34m[1mGenerating C code for ROS interfaces[0m
[1.691s] [  2%] [34m[1mGenerating C++ code for ROS interfaces[0m
[2.325s] [  2%] Built target turtlesim__cpp
[2.334s] [  3%] [34m[1mGenerating C++ type support dispatch for ROS interfaces[0m
[2.343s] [  4%] [34m[1mGenerating C++ introspection for ROS interfaces[0m
[2.379s] [  5%] [34m[1mGenerating C++ type support for eProsima Fast-RTPS[0m
[2.382s] [35m[1mScanning dependencies of target turtlesim__rosidl_generator_c[0m
[2.420s] [  6%] [32mBuilding C object CMakeFiles/turtlesim__rosidl_generator_c.dir/rosidl_generator_c/turtlesim/action/detail/rotate_absolute__functions.c.o[0m
[2.554s] [  7%] [32mBuilding C object CMakeFiles/turtlesim__rosidl_generator_c.dir/rosidl_generator_c/turtlesim/msg/detail/color__functions.c.o[0m
[2.586s] [  8%] [32mBuilding C object CMakeFiles/turtlesim__rosidl_generator_c.dir/rosidl_generator_c/turtlesim/msg/detail/pose__functions.c.o[0m
[2.616s] [  9%] [32mBuilding C object CMakeFiles/turtlesim__rosidl_generator_c.dir/rosidl_generator_c/turtlesim/srv/detail/kill__functions.c.o[0m
[2.653s] [ 10%] [32mBuilding C object CMakeFiles/turtlesim__rosidl_generator_c.dir/rosidl_generator_c/turtlesim/srv/detail/set_pen__functions.c.o[0m
[2.691s] [35m[1mScanning dependencies of target turtlesim__rosidl_typesupport_cpp[0m
[2.696s] [ 11%] [32mBuilding C object CMakeFiles/turtlesim__rosidl_generator_c.dir/rosidl_generator_c/turtlesim/srv/detail/spawn__functions.c.o[0m
[2.722s] [ 12%] [32mBuilding CXX object CMakeFiles/turtlesim__rosidl_typesupport_cpp.dir/rosidl_typesupport_cpp/turtlesim/action/rotate_absolute__type_support.cpp.o[0m
[2.739s] [ 13%] [32mBuilding C object CMakeFiles/turtlesim__rosidl_generator_c.dir/rosidl_generator_c/turtlesim/srv/detail/teleport_absolute__functions.c.o[0m
[2.782s] [ 14%] [32mBuilding C object CMakeFiles/turtlesim__rosidl_generator_c.dir/rosidl_generator_c/turtlesim/srv/detail/teleport_relative__functions.c.o[0m
[2.803s] [35m[1mScanning dependencies of target turtlesim__rosidl_typesupport_introspection_cpp[0m
[2.822s] [ 15%] [32m[1mLinking C shared library libturtlesim__rosidl_generator_c.so[0m
[2.834s] [ 16%] [32mBuilding CXX object CMakeFiles/turtlesim__rosidl_typesupport_introspection_cpp.dir/rosidl_typesupport_introspection_cpp/turtlesim/action/detail/rotate_absolute__type_support.cpp.o[0m
[2.873s] [ 16%] Built target turtlesim__rosidl_generator_c
[2.937s] [ 17%] [32mBuilding CXX object CMakeFiles/turtlesim__rosidl_typesupport_introspection_cpp.dir/rosidl_typesupport_introspection_cpp/turtlesim/msg/detail/color__type_support.cpp.o[0m
[2.976s] [ 18%] [32mBuilding CXX object CMakeFiles/turtlesim__rosidl_typesupport_cpp.dir/rosidl_typesupport_cpp/turtlesim/msg/color__type_support.cpp.o[0m
[2.991s] [35m[1mScanning dependencies of target turtlesim__rosidl_typesupport_fastrtps_cpp[0m
[3.036s] [ 19%] [32mBuilding CXX object CMakeFiles/turtlesim__rosidl_typesupport_introspection_cpp.dir/rosidl_typesupport_introspection_cpp/turtlesim/msg/detail/pose__type_support.cpp.o[0m
[3.055s] [ 20%] [32mBuilding CXX object CMakeFiles/turtlesim__rosidl_typesupport_fastrtps_cpp.dir/rosidl_typesupport_fastrtps_cpp/turtlesim/action/detail/dds_fastrtps/rotate_absolute__type_support.cpp.o[0m
[3.147s] [ 21%] [32mBuilding CXX object CMakeFiles/turtlesim__rosidl_typesupport_introspection_cpp.dir/rosidl_typesupport_introspection_cpp/turtlesim/srv/detail/kill__type_support.cpp.o[0m
[3.174s] [ 22%] [32mBuilding CXX object CMakeFiles/turtlesim__rosidl_typesupport_cpp.dir/rosidl_typesupport_cpp/turtlesim/msg/pose__type_support.cpp.o[0m
[3.226s] [ 23%] [32mBuilding CXX object CMakeFiles/turtlesim__rosidl_typesupport_introspection_cpp.dir/rosidl_typesupport_introspection_cpp/turtlesim/srv/detail/set_pen__type_support.cpp.o[0m
[3.319s] [ 24%] [32mBuilding CXX object CMakeFiles/turtlesim__rosidl_typesupport_introspection_cpp.dir/rosidl_typesupport_introspection_cpp/turtlesim/srv/detail/spawn__type_support.cpp.o[0m
[3.351s] [ 25%] [32mBuilding CXX object CMakeFiles/turtlesim__rosidl_typesupport_cpp.dir/rosidl_typesupport_cpp/turtlesim/srv/kill__type_support.cpp.o[0m
[3.402s] [ 26%] [32mBuilding CXX object CMakeFiles/turtlesim__rosidl_typesupport_introspection_cpp.dir/rosidl_typesupport_introspection_cpp/turtlesim/srv/detail/teleport_absolute__type_support.cpp.o[0m
[3.406s] [ 27%] [32mBuilding CXX object CMakeFiles/turtlesim__rosidl_typesupport_fastrtps_cpp.dir/rosidl_typesupport_fastrtps_cpp/turtlesim/msg/detail/dds_fastrtps/color__type_support.cpp.o[0m
[3.484s] [ 28%] [32mBuilding CXX object CMakeFiles/turtlesim__rosidl_typesupport_introspection_cpp.dir/rosidl_typesupport_introspection_cpp/turtlesim/srv/detail/teleport_relative__type_support.cpp.o[0m
[3.513s] [ 29%] [32mBuilding CXX object CMakeFiles/turtlesim__rosidl_typesupport_cpp.dir/rosidl_typesupport_cpp/turtlesim/srv/set_pen__type_support.cpp.o[0m
[3.557s] [ 30%] [32mBuilding CXX object CMakeFiles/turtlesim__rosidl_typesupport_cpp.dir/rosidl_typesupport_cpp/turtlesim/srv/spawn__type_support.cpp.o[0m
[3.648s] [ 31%] [32mBuilding CXX object CMakeFiles/turtlesim__rosidl_typesupport_fastrtps_cpp.dir/rosidl_typesupport_fastrtps_cpp/turtlesim/msg/detail/dds_fastrtps/pose__type_support.cpp.o[0m
[3.654s] [ 32%] [32m[1mLinking CXX shared library libturtlesim__rosidl_typesupport_introspection_cpp.so[0m
[3.699s] [ 33%] [32mBuilding CXX object CMakeFiles/turtlesim__rosidl_typesupport_cpp.dir/rosidl_typesupport_cpp/turtlesim/srv/teleport_absolute__type_support.cpp.o[0m
[3.724s] [ 34%] [32mBuilding CXX object CMakeFiles/turtlesim__rosidl_typesupport_cpp.dir/rosidl_typesupport_cpp/turtlesim/srv/teleport_relative__type_support.cpp.o[0m
[3.726s] [ 34%] Built target turtlesim__rosidl_typesupport_introspection_cpp
[3.742s] [ 35%] [34m[1mGenerating C type support dispatch for ROS interfaces[0m
[3.878s] [ 36%] [32mBuilding CXX object CMakeFiles/turtlesim__rosidl_typesupport_fastrtps_cpp.dir/rosidl_typesupport_fastrtps_cpp/turtlesim/srv/detail/dds_fastrtps/kill__type_support.cpp.o[0m
[3.880s] [ 37%] [32m[1mLinking CXX shared library libturtlesim__rosidl_typesupport_cpp.so[0m
[3.885s] [ 38%] [34m[1mGenerating C introspection for ROS interfaces[0m
[3.953s] [ 38%] Built target turtlesim__rosidl_typesupport_cpp
[3.958s] [ 39%] [32mBuilding CXX object CMakeFiles/turtlesim__rosidl_typesupport_fastrtps_cpp.dir/rosidl_typesupport_fastrtps_cpp/turtlesim/srv/detail/dds_fastrtps/set_pen__type_support.cpp.o[0m
[4.127s] [ 40%] [32mBuilding CXX object CMakeFiles/turtlesim__rosidl_typesupport_fastrtps_cpp.dir/rosidl_typesupport_fastrtps_cpp/turtlesim/srv/detail/dds_fastrtps/spawn__type_support.cpp.o[0m
[4.136s] [35m[1mScanning dependencies of target turtlesim__rosidl_typesupport_c[0m
[4.159s] [ 41%] [32mBuilding CXX object CMakeFiles/turtlesim__rosidl_typesupport_c.dir/rosidl_typesupport_c/turtlesim/action/rotate_absolute__type_support.cpp.o[0m
[4.191s] [ 42%] [32mBuilding CXX object CMakeFiles/turtlesim__rosidl_typesupport_c.dir/rosidl_typesupport_c/turtlesim/msg/color__type_support.cpp.o[0m
[4.212s] [ 43%] [32mBuilding CXX object CMakeFiles/turtlesim__rosidl_typesupport_c.dir/rosidl_typesupport_c/turtlesim/msg/pose__type_support.cpp.o[0m
[4.238s] [ 44%] [32mBuilding CXX object CMakeFiles/turtlesim__rosidl_typesupport_c.dir/rosidl_typesupport_c/turtlesim/srv/kill__type_support.cpp.o[0m
[4.252s] [ 45%] [32mBuilding CXX object CMakeFiles/turtlesim__rosidl_typesupport_fastrtps_cpp.dir/rosidl_typesupport_fastrtps_cpp/turtlesim/srv/detail/dds_fastrtps/teleport_absolute__type_support.cpp.o[0m
[4.261s] [ 46%] [32mBuilding CXX object CMakeFiles/turtlesim__rosidl_typesupport_c.dir/rosidl_typesupport_c/turtlesim/srv/set_pen__type_support.cpp.o[0m
[4.306s] [ 47%] [32mBuilding CXX object CMakeFiles/turtlesim__rosidl_typesupport_c.dir/rosidl_typesupport_c/turtlesim/srv/spawn__type_support.cpp.o[0m
[4.335s] [ 48%] [32mBuilding CXX object CMakeFiles/turtlesim__rosidl_typesupport_c.dir/rosidl_typesupport_c/turtlesim/srv/teleport_absolute__type_support.cpp.o[0m
[4.360s] [ 49%] [32mBuilding CXX object CMakeFiles/turtlesim__rosidl_typesupport_c.dir/rosidl_typesupport_c/turtlesim/srv/teleport_relative__type_support.cpp.o[0m
[4.381s] [35m[1mScanning dependencies of target turtlesim__rosidl_typesupport_introspection_c[0m
[4.386s] [ 51%] [32mBuilding CXX object CMakeFiles/turtlesim__rosidl_typesupport_fastrtps_cpp.dir/rosidl_typesupport_fastrtps_cpp/turtlesim/srv/detail/dds_fastrtps/teleport_relative__type_support.cpp.o[0m
[4.386s] [ 51%] [32m[1mLinking CXX shared library libturtlesim__rosidl_typesupport_c.so[0m
[4.402s] [ 52%] [32mBuilding C object CMakeFiles/turtlesim__rosidl_typesupport_introspection_c.dir/rosidl_typesupport_introspection_c/turtlesim/action/detail/rotate_absolute__type_support.c.o[0m
[4.437s] [ 52%] Built target turtlesim__rosidl_typesupport_c
[4.442s] [ 53%] [32mBuilding C object CMakeFiles/turtlesim__rosidl_typesupport_introspection_c.dir/rosidl_typesupport_introspection_c/turtlesim/msg/detail/color__type_support.c.o[0m
[4.449s] [ 54%] [32mBuilding C object CMakeFiles/turtlesim__rosidl_typesupport_introspection_c.dir/rosidl_typesupport_introspection_c/turtlesim/msg/detail/pose__type_support.c.o[0m
[4.487s] [ 55%] [32mBuilding C object CMakeFiles/turtlesim__rosidl_typesupport_introspection_c.dir/rosidl_typesupport_introspection_c/turtlesim/srv/detail/kill__type_support.c.o[0m
[4.491s] [ 56%] [32mBuilding C object CMakeFiles/turtlesim__rosidl_typesupport_introspection_c.dir/rosidl_typesupport_introspection_c/turtlesim/srv/detail/set_pen__type_support.c.o[0m
[4.500s] [ 57%] [32mBuilding C object CMakeFiles/turtlesim__rosidl_typesupport_introspection_c.dir/rosidl_typesupport_introspection_c/turtlesim/srv/detail/spawn__type_support.c.o[0m
[4.514s] [ 58%] [32mBuilding C object CMakeFiles/turtlesim__rosidl_typesupport_introspection_c.dir/rosidl_typesupport_introspection_c/turtlesim/srv/detail/teleport_absolute__type_support.c.o[0m
[4.514s] [ 59%] [32mBuilding C object CMakeFiles/turtlesim__rosidl_typesupport_introspection_c.dir/rosidl_typesupport_introspection_c/turtlesim/srv/detail/teleport_relative__type_support.c.o[0m
[4.541s] [ 60%] [32m[1mLinking C shared library libturtlesim__rosidl_typesupport_introspection_c.so[0m
[4.563s] [ 60%] Built target turtlesim__rosidl_typesupport_introspection_c
[4.618s] [ 61%] [32m[1mLinking CXX shared library libturtlesim__rosidl_typesupport_fastrtps_cpp.so[0m
[4.671s] [ 61%] Built target turtlesim__rosidl_typesupport_fastrtps_cpp
[4.677s] [ 62%] [34m[1mGenerating C type support for eProsima Fast-RTPS[0m
[5.088s] [35m[1mScanning dependencies of target turtlesim__rosidl_typesupport_fastrtps_c[0m
[5.109s] [ 64%] [32mBuilding CXX object CMakeFiles/turtlesim__rosidl_typesupport_fastrtps_c.dir/rosidl_typesupport_fastrtps_c/turtlesim/msg/detail/color__type_support_c.cpp.o[0m
[5.109s] [ 64%] [32mBuilding CXX object CMakeFiles/turtlesim__rosidl_typesupport_fastrtps_c.dir/rosidl_typesupport_fastrtps_c/turtlesim/action/detail/rotate_absolute__type_support_c.cpp.o[0m
[5.113s] [ 66%] [32mBuilding CXX object CMakeFiles/turtlesim__rosidl_typesupport_fastrtps_c.dir/rosidl_typesupport_fastrtps_c/turtlesim/srv/detail/kill__type_support_c.cpp.o[0m
[5.114s] [ 66%] [32mBuilding CXX object CMakeFiles/turtlesim__rosidl_typesupport_fastrtps_c.dir/rosidl_typesupport_fastrtps_c/turtlesim/msg/detail/pose__type_support_c.cpp.o[0m
[5.309s] [ 67%] [32mBuilding CXX object CMakeFiles/turtlesim__rosidl_typesupport_fastrtps_c.dir/rosidl_typesupport_fastrtps_c/turtlesim/srv/detail/set_pen__type_support_c.cpp.o[0m
[5.316s] [ 68%] [32mBuilding CXX object CMakeFiles/turtlesim__rosidl_typesupport_fastrtps_c.dir/rosidl_typesupport_fastrtps_c/turtlesim/srv/detail/spawn__type_support_c.cpp.o[0m
[5.320s] [ 69%] [32mBuilding CXX object CMakeFiles/turtlesim__rosidl_typesupport_fastrtps_c.dir/rosidl_typesupport_fastrtps_c/turtlesim/srv/detail/teleport_absolute__type_support_c.cpp.o[0m
[5.337s] [ 70%] [32mBuilding CXX object CMakeFiles/turtlesim__rosidl_typesupport_fastrtps_c.dir/rosidl_typesupport_fastrtps_c/turtlesim/srv/detail/teleport_relative__type_support_c.cpp.o[0m
[5.541s] [ 71%] [32m[1mLinking CXX shared library libturtlesim__rosidl_typesupport_fastrtps_c.so[0m
[5.585s] [ 71%] Built target turtlesim__rosidl_typesupport_fastrtps_c
[5.591s] [35m[1mScanning dependencies of target turtlesim[0m
[5.596s] [ 71%] Built target turtlesim
[5.602s] [35m[1mScanning dependencies of target mimic[0m
[5.602s] [35m[1mScanning dependencies of target draw_square[0m
[5.602s] [35m[1mScanning dependencies of target turtlesim__py[0m
[5.606s] [35m[1mScanning dependencies of target turtle_teleop_key[0m
[5.611s] [ 72%] [34m[1mGenerating Python code for ROS interfaces[0m
[5.714s] [ 73%] [32mBuilding CXX object CMakeFiles/mimic.dir/tutorials/mimic.cpp.o[0m
[5.731s] [ 74%] [32mBuilding CXX object CMakeFiles/turtle_teleop_key.dir/tutorials/teleop_turtle_key.cpp.o[0m
[5.736s] [ 75%] [32mBuilding CXX object CMakeFiles/draw_square.dir/tutorials/draw_square.cpp.o[0m
[7.113s] [ 75%] Built target turtlesim__py
[7.136s] [ 76%] [34m[1mGenerating include/turtlesim/moc_turtle_frame.cpp[0m
[7.284s] [35m[1mScanning dependencies of target turtlesim_node[0m
[7.423s] [ 77%] [32mBuilding CXX object CMakeFiles/turtlesim_node.dir/src/turtlesim.cpp.o[0m
[8.641s] [ 78%] [32m[1mLinking CXX executable turtle_teleop_key[0m
[8.900s] [ 78%] Built target turtle_teleop_key
[8.907s] [ 79%] [32mBuilding CXX object CMakeFiles/turtlesim_node.dir/src/turtle.cpp.o[0m
[9.336s] [ 80%] [32m[1mLinking CXX executable mimic[0m
[9.414s] [ 81%] [32mBuilding CXX object CMakeFiles/turtlesim_node.dir/src/turtle_frame.cpp.o[0m
[9.539s] [ 81%] Built target mimic
[9.551s] [35m[1mScanning dependencies of target turtlesim__python[0m
[9.615s] [ 82%] [32mBuilding C object CMakeFiles/turtlesim__python.dir/rosidl_generator_py/turtlesim/action/_rotate_absolute_s.c.o[0m
[9.679s] [ 83%] [32m[1mLinking CXX executable draw_square[0m
[9.729s] [ 84%] [32mBuilding C object CMakeFiles/turtlesim__python.dir/rosidl_generator_py/turtlesim/msg/_color_s.c.o[0m
[9.816s] [ 85%] [32mBuilding C object CMakeFiles/turtlesim__python.dir/rosidl_generator_py/turtlesim/msg/_pose_s.c.o[0m
[9.876s] [ 86%] [32mBuilding C object CMakeFiles/turtlesim__python.dir/rosidl_generator_py/turtlesim/srv/_kill_s.c.o[0m
[9.918s] [ 86%] Built target draw_square
[9.931s] [ 87%] [32mBuilding C object CMakeFiles/turtlesim__python.dir/rosidl_generator_py/turtlesim/srv/_set_pen_s.c.o[0m
[9.962s] [ 88%] [32mBuilding C object CMakeFiles/turtlesim__python.dir/rosidl_generator_py/turtlesim/srv/_spawn_s.c.o[0m
[10.016s] [ 89%] [32mBuilding C object CMakeFiles/turtlesim__python.dir/rosidl_generator_py/turtlesim/srv/_teleport_absolute_s.c.o[0m
[10.034s] [ 90%] [32mBuilding C object CMakeFiles/turtlesim__python.dir/rosidl_generator_py/turtlesim/srv/_teleport_relative_s.c.o[0m
[10.087s] [ 91%] [32mBuilding CXX object CMakeFiles/turtlesim_node.dir/include/turtlesim/moc_turtle_frame.cpp.o[0m
[10.102s] [ 92%] [32m[1mLinking C shared library rosidl_generator_py/turtlesim/libturtlesim__python.so[0m
[10.148s] [ 92%] Built target turtlesim__python
[10.159s] [35m[1mScanning dependencies of target turtlesim__rosidl_typesupport_introspection_c__pyext[0m
[10.178s] [ 93%] [32mBuilding C object CMakeFiles/turtlesim__rosidl_typesupport_introspection_c__pyext.dir/rosidl_generator_py/turtlesim/_turtlesim_s.ep.rosidl_typesupport_introspection_c.c.o[0m
[10.316s] [ 94%] [32m[1mLinking C shared library rosidl_generator_py/turtlesim/turtlesim_s__rosidl_typesupport_introspection_c.cpython-38-aarch64-linux-gnu.so[0m
[10.399s] [ 94%] Built target turtlesim__rosidl_typesupport_introspection_c__pyext
[10.425s] [35m[1mScanning dependencies of target turtlesim__rosidl_typesupport_fastrtps_c__pyext[0m
[10.444s] [ 95%] [32mBuilding C object CMakeFiles/turtlesim__rosidl_typesupport_fastrtps_c__pyext.dir/rosidl_generator_py/turtlesim/_turtlesim_s.ep.rosidl_typesupport_fastrtps_c.c.o[0m
[10.567s] [ 96%] [32m[1mLinking CXX shared library rosidl_generator_py/turtlesim/turtlesim_s__rosidl_typesupport_fastrtps_c.cpython-38-aarch64-linux-gnu.so[0m
[10.618s] [ 96%] Built target turtlesim__rosidl_typesupport_fastrtps_c__pyext
[10.625s] [35m[1mScanning dependencies of target turtlesim__rosidl_typesupport_c__pyext[0m
[10.642s] [ 97%] [32mBuilding C object CMakeFiles/turtlesim__rosidl_typesupport_c__pyext.dir/rosidl_generator_py/turtlesim/_turtlesim_s.ep.rosidl_typesupport_c.c.o[0m
[10.759s] [ 98%] [32m[1mLinking C shared library rosidl_generator_py/turtlesim/turtlesim_s__rosidl_typesupport_c.cpython-38-aarch64-linux-gnu.so[0m
[10.786s] [ 98%] Built target turtlesim__rosidl_typesupport_c__pyext
[13.269s] [100%] [32m[1mLinking CXX executable turtlesim_node[0m
[14.150s] [100%] Built target turtlesim_node
[14.158s] Invoked command in '/home/san/Desktop/workspace/ros2_ws/build/turtlesim' returned '0': CMAKE_PREFIX_PATH=/opt/ros/foxy /usr/bin/cmake --build /home/san/Desktop/workspace/ros2_ws/build/turtlesim -- -j4 -l4
[14.273s] Invoking command in '/home/san/Desktop/workspace/ros2_ws/build/turtlesim': CMAKE_PREFIX_PATH=/opt/ros/foxy /usr/bin/cmake --install /home/san/Desktop/workspace/ros2_ws/build/turtlesim
[14.277s] -- Install configuration: ""
[14.278s] -- Execute custom install script
[14.278s] -- Symlinking: /home/san/Desktop/workspace/ros2_ws/install/turtlesim/share/ament_index/resource_index/rosidl_interfaces/turtlesim
[14.283s] -- Symlinking: /home/san/Desktop/workspace/ros2_ws/install/turtlesim/include/turtlesim/action/detail/rotate_absolute__functions.h
[14.287s] -- Symlinking: /home/san/Desktop/workspace/ros2_ws/install/turtlesim/include/turtlesim/action/detail/rotate_absolute__struct.h
[14.291s] -- Symlinking: /home/san/Desktop/workspace/ros2_ws/install/turtlesim/include/turtlesim/action/detail/rotate_absolute__type_support.h
[14.296s] -- Symlinking: /home/san/Desktop/workspace/ros2_ws/install/turtlesim/include/turtlesim/action/rotate_absolute.h
[14.300s] -- Symlinking: /home/san/Desktop/workspace/ros2_ws/install/turtlesim/include/turtlesim/msg/color.h
[14.305s] -- Symlinking: /home/san/Desktop/workspace/ros2_ws/install/turtlesim/include/turtlesim/msg/detail/color__functions.h
[14.309s] -- Symlinking: /home/san/Desktop/workspace/ros2_ws/install/turtlesim/include/turtlesim/msg/detail/color__struct.h
[14.313s] -- Symlinking: /home/san/Desktop/workspace/ros2_ws/install/turtlesim/include/turtlesim/msg/detail/color__type_support.h
[14.317s] -- Symlinking: /home/san/Desktop/workspace/ros2_ws/install/turtlesim/include/turtlesim/msg/detail/pose__functions.h
[14.322s] -- Symlinking: /home/san/Desktop/workspace/ros2_ws/install/turtlesim/include/turtlesim/msg/detail/pose__struct.h
[14.326s] -- Symlinking: /home/san/Desktop/workspace/ros2_ws/install/turtlesim/include/turtlesim/msg/detail/pose__type_support.h
[14.331s] -- Symlinking: /home/san/Desktop/workspace/ros2_ws/install/turtlesim/include/turtlesim/msg/pose.h
[14.335s] -- Symlinking: /home/san/Desktop/workspace/ros2_ws/install/turtlesim/include/turtlesim/msg/rosidl_generator_c__visibility_control.h
[14.339s] -- Symlinking: /home/san/Desktop/workspace/ros2_ws/install/turtlesim/include/turtlesim/srv/detail/kill__functions.h
[14.345s] -- Symlinking: /home/san/Desktop/workspace/ros2_ws/install/turtlesim/include/turtlesim/srv/detail/kill__struct.h
[14.349s] -- Symlinking: /home/san/Desktop/workspace/ros2_ws/install/turtlesim/include/turtlesim/srv/detail/kill__type_support.h
[14.353s] -- Symlinking: /home/san/Desktop/workspace/ros2_ws/install/turtlesim/include/turtlesim/srv/detail/set_pen__functions.h
[14.357s] -- Symlinking: /home/san/Desktop/workspace/ros2_ws/install/turtlesim/include/turtlesim/srv/detail/set_pen__struct.h
[14.362s] -- Symlinking: /home/san/Desktop/workspace/ros2_ws/install/turtlesim/include/turtlesim/srv/detail/set_pen__type_support.h
[14.367s] -- Symlinking: /home/san/Desktop/workspace/ros2_ws/install/turtlesim/include/turtlesim/srv/detail/spawn__functions.h
[14.371s] -- Symlinking: /home/san/Desktop/workspace/ros2_ws/install/turtlesim/include/turtlesim/srv/detail/spawn__struct.h
[14.376s] -- Symlinking: /home/san/Desktop/workspace/ros2_ws/install/turtlesim/include/turtlesim/srv/detail/spawn__type_support.h
[14.381s] -- Symlinking: /home/san/Desktop/workspace/ros2_ws/install/turtlesim/include/turtlesim/srv/detail/teleport_absolute__functions.h
[14.386s] -- Symlinking: /home/san/Desktop/workspace/ros2_ws/install/turtlesim/include/turtlesim/srv/detail/teleport_absolute__struct.h
[14.391s] -- Symlinking: /home/san/Desktop/workspace/ros2_ws/install/turtlesim/include/turtlesim/srv/detail/teleport_absolute__type_support.h
[14.396s] -- Symlinking: /home/san/Desktop/workspace/ros2_ws/install/turtlesim/include/turtlesim/srv/detail/teleport_relative__functions.h
[14.400s] -- Symlinking: /home/san/Desktop/workspace/ros2_ws/install/turtlesim/include/turtlesim/srv/detail/teleport_relative__struct.h
[14.405s] -- Symlinking: /home/san/Desktop/workspace/ros2_ws/install/turtlesim/include/turtlesim/srv/detail/teleport_relative__type_support.h
[14.409s] -- Symlinking: /home/san/Desktop/workspace/ros2_ws/install/turtlesim/include/turtlesim/srv/kill.h
[14.413s] -- Symlinking: /home/san/Desktop/workspace/ros2_ws/install/turtlesim/include/turtlesim/srv/set_pen.h
[14.418s] -- Symlinking: /home/san/Desktop/workspace/ros2_ws/install/turtlesim/include/turtlesim/srv/spawn.h
[14.422s] -- Symlinking: /home/san/Desktop/workspace/ros2_ws/install/turtlesim/include/turtlesim/srv/teleport_absolute.h
[14.426s] -- Symlinking: /home/san/Desktop/workspace/ros2_ws/install/turtlesim/include/turtlesim/srv/teleport_relative.h
[14.431s] -- Symlinking: /home/san/Desktop/workspace/ros2_ws/install/turtlesim/share/turtlesim/environment/library_path.sh
[14.437s] -- Symlinking: /home/san/Desktop/workspace/ros2_ws/install/turtlesim/share/turtlesim/environment/library_path.dsv
[14.441s] -- Symlinking: /home/san/Desktop/workspace/ros2_ws/install/turtlesim/include/turtlesim/action/detail/rotate_absolute__rosidl_typesupport_fastrtps_c.h
[14.446s] -- Symlinking: /home/san/Desktop/workspace/ros2_ws/install/turtlesim/include/turtlesim/msg/detail/color__rosidl_typesupport_fastrtps_c.h
[14.450s] -- Symlinking: /home/san/Desktop/workspace/ros2_ws/install/turtlesim/include/turtlesim/msg/detail/pose__rosidl_typesupport_fastrtps_c.h
[14.454s] -- Symlinking: /home/san/Desktop/workspace/ros2_ws/install/turtlesim/include/turtlesim/msg/rosidl_typesupport_fastrtps_c__visibility_control.h
[14.458s] -- Symlinking: /home/san/Desktop/workspace/ros2_ws/install/turtlesim/include/turtlesim/srv/detail/kill__rosidl_typesupport_fastrtps_c.h
[14.463s] -- Symlinking: /home/san/Desktop/workspace/ros2_ws/install/turtlesim/include/turtlesim/srv/detail/set_pen__rosidl_typesupport_fastrtps_c.h
[14.467s] -- Symlinking: /home/san/Desktop/workspace/ros2_ws/install/turtlesim/include/turtlesim/srv/detail/spawn__rosidl_typesupport_fastrtps_c.h
[14.471s] -- Symlinking: /home/san/Desktop/workspace/ros2_ws/install/turtlesim/include/turtlesim/srv/detail/teleport_absolute__rosidl_typesupport_fastrtps_c.h
[14.476s] -- Symlinking: /home/san/Desktop/workspace/ros2_ws/install/turtlesim/include/turtlesim/srv/detail/teleport_relative__rosidl_typesupport_fastrtps_c.h
[14.480s] -- Symlinking: /home/san/Desktop/workspace/ros2_ws/install/turtlesim/lib/libturtlesim__rosidl_typesupport_fastrtps_c.so
[14.486s] -- Symlinking: /home/san/Desktop/workspace/ros2_ws/install/turtlesim/include/turtlesim/action/detail/rotate_absolute__rosidl_typesupport_fastrtps_cpp.hpp
[14.490s] -- Symlinking: /home/san/Desktop/workspace/ros2_ws/install/turtlesim/include/turtlesim/msg/detail/color__rosidl_typesupport_fastrtps_cpp.hpp
[14.495s] -- Symlinking: /home/san/Desktop/workspace/ros2_ws/install/turtlesim/include/turtlesim/msg/detail/pose__rosidl_typesupport_fastrtps_cpp.hpp
[14.500s] -- Symlinking: /home/san/Desktop/workspace/ros2_ws/install/turtlesim/include/turtlesim/msg/rosidl_typesupport_fastrtps_cpp__visibility_control.h
[14.504s] -- Symlinking: /home/san/Desktop/workspace/ros2_ws/install/turtlesim/include/turtlesim/srv/detail/kill__rosidl_typesupport_fastrtps_cpp.hpp
[14.508s] -- Symlinking: /home/san/Desktop/workspace/ros2_ws/install/turtlesim/include/turtlesim/srv/detail/set_pen__rosidl_typesupport_fastrtps_cpp.hpp
[14.513s] -- Symlinking: /home/san/Desktop/workspace/ros2_ws/install/turtlesim/include/turtlesim/srv/detail/spawn__rosidl_typesupport_fastrtps_cpp.hpp
[14.517s] -- Symlinking: /home/san/Desktop/workspace/ros2_ws/install/turtlesim/include/turtlesim/srv/detail/teleport_absolute__rosidl_typesupport_fastrtps_cpp.hpp
[14.522s] -- Symlinking: /home/san/Desktop/workspace/ros2_ws/install/turtlesim/include/turtlesim/srv/detail/teleport_relative__rosidl_typesupport_fastrtps_cpp.hpp
[14.527s] -- Symlinking: /home/san/Desktop/workspace/ros2_ws/install/turtlesim/lib/libturtlesim__rosidl_typesupport_fastrtps_cpp.so
[14.532s] -- Symlinking: /home/san/Desktop/workspace/ros2_ws/install/turtlesim/include/turtlesim/action/detail/rotate_absolute__rosidl_typesupport_introspection_c.h
[14.537s] -- Symlinking: /home/san/Desktop/workspace/ros2_ws/install/turtlesim/include/turtlesim/msg/detail/color__rosidl_typesupport_introspection_c.h
[14.541s] -- Symlinking: /home/san/Desktop/workspace/ros2_ws/install/turtlesim/include/turtlesim/msg/detail/pose__rosidl_typesupport_introspection_c.h
[14.545s] -- Symlinking: /home/san/Desktop/workspace/ros2_ws/install/turtlesim/include/turtlesim/msg/rosidl_typesupport_introspection_c__visibility_control.h
[14.550s] -- Symlinking: /home/san/Desktop/workspace/ros2_ws/install/turtlesim/include/turtlesim/srv/detail/kill__rosidl_typesupport_introspection_c.h
[14.554s] -- Symlinking: /home/san/Desktop/workspace/ros2_ws/install/turtlesim/include/turtlesim/srv/detail/set_pen__rosidl_typesupport_introspection_c.h
[14.558s] -- Symlinking: /home/san/Desktop/workspace/ros2_ws/install/turtlesim/include/turtlesim/srv/detail/spawn__rosidl_typesupport_introspection_c.h
[14.563s] -- Symlinking: /home/san/Desktop/workspace/ros2_ws/install/turtlesim/include/turtlesim/srv/detail/teleport_absolute__rosidl_typesupport_introspection_c.h
[14.567s] -- Symlinking: /home/san/Desktop/workspace/ros2_ws/install/turtlesim/include/turtlesim/srv/detail/teleport_relative__rosidl_typesupport_introspection_c.h
[14.572s] -- Symlinking: /home/san/Desktop/workspace/ros2_ws/install/turtlesim/include/turtlesim/action/detail/rotate_absolute__builder.hpp
[14.576s] -- Symlinking: /home/san/Desktop/workspace/ros2_ws/install/turtlesim/include/turtlesim/action/detail/rotate_absolute__struct.hpp
[14.580s] -- Symlinking: /home/san/Desktop/workspace/ros2_ws/install/turtlesim/include/turtlesim/action/detail/rotate_absolute__traits.hpp
[14.584s] -- Symlinking: /home/san/Desktop/workspace/ros2_ws/install/turtlesim/include/turtlesim/action/detail/rotate_absolute__type_support.hpp
[14.590s] -- Symlinking: /home/san/Desktop/workspace/ros2_ws/install/turtlesim/include/turtlesim/action/rotate_absolute.hpp
[14.594s] -- Symlinking: /home/san/Desktop/workspace/ros2_ws/install/turtlesim/include/turtlesim/msg/color.hpp
[14.600s] -- Symlinking: /home/san/Desktop/workspace/ros2_ws/install/turtlesim/include/turtlesim/msg/detail/color__builder.hpp
[14.604s] -- Symlinking: /home/san/Desktop/workspace/ros2_ws/install/turtlesim/include/turtlesim/msg/detail/color__struct.hpp
[14.608s] -- Symlinking: /home/san/Desktop/workspace/ros2_ws/install/turtlesim/include/turtlesim/msg/detail/color__traits.hpp
[14.613s] -- Symlinking: /home/san/Desktop/workspace/ros2_ws/install/turtlesim/include/turtlesim/msg/detail/color__type_support.hpp
[14.618s] -- Symlinking: /home/san/Desktop/workspace/ros2_ws/install/turtlesim/include/turtlesim/msg/detail/pose__builder.hpp
[14.623s] -- Symlinking: /home/san/Desktop/workspace/ros2_ws/install/turtlesim/include/turtlesim/msg/detail/pose__struct.hpp
[14.627s] -- Symlinking: /home/san/Desktop/workspace/ros2_ws/install/turtlesim/include/turtlesim/msg/detail/pose__traits.hpp
[14.632s] -- Symlinking: /home/san/Desktop/workspace/ros2_ws/install/turtlesim/include/turtlesim/msg/detail/pose__type_support.hpp
[14.636s] -- Symlinking: /home/san/Desktop/workspace/ros2_ws/install/turtlesim/include/turtlesim/msg/pose.hpp
[14.640s] -- Symlinking: /home/san/Desktop/workspace/ros2_ws/install/turtlesim/include/turtlesim/msg/rosidl_generator_cpp__visibility_control.hpp
[14.645s] -- Symlinking: /home/san/Desktop/workspace/ros2_ws/install/turtlesim/include/turtlesim/srv/detail/kill__builder.hpp
[14.649s] -- Symlinking: /home/san/Desktop/workspace/ros2_ws/install/turtlesim/include/turtlesim/srv/detail/kill__struct.hpp
[14.653s] -- Symlinking: /home/san/Desktop/workspace/ros2_ws/install/turtlesim/include/turtlesim/srv/detail/kill__traits.hpp
[14.658s] -- Symlinking: /home/san/Desktop/workspace/ros2_ws/install/turtlesim/include/turtlesim/srv/detail/kill__type_support.hpp
[14.662s] -- Symlinking: /home/san/Desktop/workspace/ros2_ws/install/turtlesim/include/turtlesim/srv/detail/set_pen__builder.hpp
[14.667s] -- Symlinking: /home/san/Desktop/workspace/ros2_ws/install/turtlesim/include/turtlesim/srv/detail/set_pen__struct.hpp
[14.672s] -- Symlinking: /home/san/Desktop/workspace/ros2_ws/install/turtlesim/include/turtlesim/srv/detail/set_pen__traits.hpp
[14.676s] -- Symlinking: /home/san/Desktop/workspace/ros2_ws/install/turtlesim/include/turtlesim/srv/detail/set_pen__type_support.hpp
[14.680s] -- Symlinking: /home/san/Desktop/workspace/ros2_ws/install/turtlesim/include/turtlesim/srv/detail/spawn__builder.hpp
[14.684s] -- Symlinking: /home/san/Desktop/workspace/ros2_ws/install/turtlesim/include/turtlesim/srv/detail/spawn__struct.hpp
[14.689s] -- Symlinking: /home/san/Desktop/workspace/ros2_ws/install/turtlesim/include/turtlesim/srv/detail/spawn__traits.hpp
[14.694s] -- Symlinking: /home/san/Desktop/workspace/ros2_ws/install/turtlesim/include/turtlesim/srv/detail/spawn__type_support.hpp
[14.699s] -- Symlinking: /home/san/Desktop/workspace/ros2_ws/install/turtlesim/include/turtlesim/srv/detail/teleport_absolute__builder.hpp
[14.704s] -- Symlinking: /home/san/Desktop/workspace/ros2_ws/install/turtlesim/include/turtlesim/srv/detail/teleport_absolute__struct.hpp
[14.708s] -- Symlinking: /home/san/Desktop/workspace/ros2_ws/install/turtlesim/include/turtlesim/srv/detail/teleport_absolute__traits.hpp
[14.712s] -- Symlinking: /home/san/Desktop/workspace/ros2_ws/install/turtlesim/include/turtlesim/srv/detail/teleport_absolute__type_support.hpp
[14.716s] -- Symlinking: /home/san/Desktop/workspace/ros2_ws/install/turtlesim/include/turtlesim/srv/detail/teleport_relative__builder.hpp
[14.720s] -- Symlinking: /home/san/Desktop/workspace/ros2_ws/install/turtlesim/include/turtlesim/srv/detail/teleport_relative__struct.hpp
[14.725s] -- Symlinking: /home/san/Desktop/workspace/ros2_ws/install/turtlesim/include/turtlesim/srv/detail/teleport_relative__traits.hpp
[14.730s] -- Symlinking: /home/san/Desktop/workspace/ros2_ws/install/turtlesim/include/turtlesim/srv/detail/teleport_relative__type_support.hpp
[14.735s] -- Symlinking: /home/san/Desktop/workspace/ros2_ws/install/turtlesim/include/turtlesim/srv/kill.hpp
[14.739s] -- Symlinking: /home/san/Desktop/workspace/ros2_ws/install/turtlesim/include/turtlesim/srv/set_pen.hpp
[14.743s] -- Symlinking: /home/san/Desktop/workspace/ros2_ws/install/turtlesim/include/turtlesim/srv/spawn.hpp
[14.748s] -- Symlinking: /home/san/Desktop/workspace/ros2_ws/install/turtlesim/include/turtlesim/srv/teleport_absolute.hpp
[14.752s] -- Symlinking: /home/san/Desktop/workspace/ros2_ws/install/turtlesim/include/turtlesim/srv/teleport_relative.hpp
[14.756s] -- Symlinking: /home/san/Desktop/workspace/ros2_ws/install/turtlesim/include/turtlesim/action/detail/rotate_absolute__rosidl_typesupport_introspection_cpp.hpp
[14.761s] -- Symlinking: /home/san/Desktop/workspace/ros2_ws/install/turtlesim/include/turtlesim/msg/detail/color__rosidl_typesupport_introspection_cpp.hpp
[14.766s] -- Symlinking: /home/san/Desktop/workspace/ros2_ws/install/turtlesim/include/turtlesim/msg/detail/pose__rosidl_typesupport_introspection_cpp.hpp
[14.770s] -- Symlinking: /home/san/Desktop/workspace/ros2_ws/install/turtlesim/include/turtlesim/srv/detail/kill__rosidl_typesupport_introspection_cpp.hpp
[14.774s] -- Symlinking: /home/san/Desktop/workspace/ros2_ws/install/turtlesim/include/turtlesim/srv/detail/set_pen__rosidl_typesupport_introspection_cpp.hpp
[14.778s] -- Symlinking: /home/san/Desktop/workspace/ros2_ws/install/turtlesim/include/turtlesim/srv/detail/spawn__rosidl_typesupport_introspection_cpp.hpp
[14.782s] -- Symlinking: /home/san/Desktop/workspace/ros2_ws/install/turtlesim/include/turtlesim/srv/detail/teleport_absolute__rosidl_typesupport_introspection_cpp.hpp
[14.786s] -- Symlinking: /home/san/Desktop/workspace/ros2_ws/install/turtlesim/include/turtlesim/srv/detail/teleport_relative__rosidl_typesupport_introspection_cpp.hpp
[14.791s] -- Symlinking: /home/san/Desktop/workspace/ros2_ws/install/turtlesim/share/turtlesim/environment/pythonpath.sh
[14.796s] -- Symlinking: /home/san/Desktop/workspace/ros2_ws/install/turtlesim/share/turtlesim/environment/pythonpath.dsv
[14.800s] -- Symlinking: /home/san/Desktop/workspace/ros2_ws/install/turtlesim/lib/python3.8/site-packages/turtlesim/__init__.py
[14.805s] -- Symlinking: /home/san/Desktop/workspace/ros2_ws/install/turtlesim/lib/python3.8/site-packages/turtlesim/action/__init__.py
[14.809s] -- Symlinking: /home/san/Desktop/workspace/ros2_ws/install/turtlesim/lib/python3.8/site-packages/turtlesim/action/_rotate_absolute.py
[14.814s] -- Symlinking: /home/san/Desktop/workspace/ros2_ws/install/turtlesim/lib/python3.8/site-packages/turtlesim/msg/__init__.py
[14.818s] -- Symlinking: /home/san/Desktop/workspace/ros2_ws/install/turtlesim/lib/python3.8/site-packages/turtlesim/msg/_color.py
[14.823s] -- Symlinking: /home/san/Desktop/workspace/ros2_ws/install/turtlesim/lib/python3.8/site-packages/turtlesim/msg/_pose.py
[14.827s] -- Symlinking: /home/san/Desktop/workspace/ros2_ws/install/turtlesim/lib/python3.8/site-packages/turtlesim/srv/__init__.py
[14.832s] -- Symlinking: /home/san/Desktop/workspace/ros2_ws/install/turtlesim/lib/python3.8/site-packages/turtlesim/srv/_kill.py
[14.837s] -- Symlinking: /home/san/Desktop/workspace/ros2_ws/install/turtlesim/lib/python3.8/site-packages/turtlesim/srv/_set_pen.py
[14.841s] -- Symlinking: /home/san/Desktop/workspace/ros2_ws/install/turtlesim/lib/python3.8/site-packages/turtlesim/srv/_spawn.py
[14.845s] -- Symlinking: /home/san/Desktop/workspace/ros2_ws/install/turtlesim/lib/python3.8/site-packages/turtlesim/srv/_teleport_absolute.py
[14.849s] -- Symlinking: /home/san/Desktop/workspace/ros2_ws/install/turtlesim/lib/python3.8/site-packages/turtlesim/srv/_teleport_relative.py
[14.854s] -- Symlinking: /home/san/Desktop/workspace/ros2_ws/install/turtlesim/lib/python3.8/site-packages/turtlesim/turtlesim_s__rosidl_typesupport_fastrtps_c.cpython-38-aarch64-linux-gnu.so
[14.858s] -- Symlinking: /home/san/Desktop/workspace/ros2_ws/install/turtlesim/lib/python3.8/site-packages/turtlesim/turtlesim_s__rosidl_typesupport_introspection_c.cpython-38-aarch64-linux-gnu.so
[14.863s] -- Symlinking: /home/san/Desktop/workspace/ros2_ws/install/turtlesim/lib/python3.8/site-packages/turtlesim/turtlesim_s__rosidl_typesupport_c.cpython-38-aarch64-linux-gnu.so
[14.868s] -- Symlinking: /home/san/Desktop/workspace/ros2_ws/install/turtlesim/lib/libturtlesim__python.so
[14.872s] -- Symlinking: /home/san/Desktop/workspace/ros2_ws/install/turtlesim/share/turtlesim/action/RotateAbsolute.idl
[14.876s] -- Symlinking: /home/san/Desktop/workspace/ros2_ws/install/turtlesim/share/turtlesim/msg/Color.idl
[14.881s] -- Symlinking: /home/san/Desktop/workspace/ros2_ws/install/turtlesim/share/turtlesim/msg/Pose.idl
[14.885s] -- Symlinking: /home/san/Desktop/workspace/ros2_ws/install/turtlesim/share/turtlesim/srv/Kill.idl
[14.889s] -- Symlinking: /home/san/Desktop/workspace/ros2_ws/install/turtlesim/share/turtlesim/srv/SetPen.idl
[14.894s] -- Symlinking: /home/san/Desktop/workspace/ros2_ws/install/turtlesim/share/turtlesim/srv/Spawn.idl
[14.899s] -- Symlinking: /home/san/Desktop/workspace/ros2_ws/install/turtlesim/share/turtlesim/srv/TeleportAbsolute.idl
[14.904s] -- Symlinking: /home/san/Desktop/workspace/ros2_ws/install/turtlesim/share/turtlesim/srv/TeleportRelative.idl
[14.909s] -- Symlinking: /home/san/Desktop/workspace/ros2_ws/install/turtlesim/share/turtlesim/action/RotateAbsolute.action
[14.914s] -- Symlinking: /home/san/Desktop/workspace/ros2_ws/install/turtlesim/share/turtlesim/msg/Color.msg
[14.919s] -- Symlinking: /home/san/Desktop/workspace/ros2_ws/install/turtlesim/share/turtlesim/msg/Pose.msg
[14.923s] -- Symlinking: /home/san/Desktop/workspace/ros2_ws/install/turtlesim/share/turtlesim/srv/Kill.srv
[14.928s] -- Symlinking: /home/san/Desktop/workspace/ros2_ws/install/turtlesim/share/turtlesim/srv/Kill_Request.msg
[14.934s] -- Symlinking: /home/san/Desktop/workspace/ros2_ws/install/turtlesim/share/turtlesim/srv/Kill_Response.msg
[14.938s] -- Symlinking: /home/san/Desktop/workspace/ros2_ws/install/turtlesim/share/turtlesim/srv/SetPen.srv
[14.942s] -- Symlinking: /home/san/Desktop/workspace/ros2_ws/install/turtlesim/share/turtlesim/srv/SetPen_Request.msg
[14.947s] -- Symlinking: /home/san/Desktop/workspace/ros2_ws/install/turtlesim/share/turtlesim/srv/SetPen_Response.msg
[14.951s] -- Symlinking: /home/san/Desktop/workspace/ros2_ws/install/turtlesim/share/turtlesim/srv/Spawn.srv
[14.955s] -- Symlinking: /home/san/Desktop/workspace/ros2_ws/install/turtlesim/share/turtlesim/srv/Spawn_Request.msg
[14.959s] -- Symlinking: /home/san/Desktop/workspace/ros2_ws/install/turtlesim/share/turtlesim/srv/Spawn_Response.msg
[14.964s] -- Symlinking: /home/san/Desktop/workspace/ros2_ws/install/turtlesim/share/turtlesim/srv/TeleportAbsolute.srv
[14.969s] -- Symlinking: /home/san/Desktop/workspace/ros2_ws/install/turtlesim/share/turtlesim/srv/TeleportAbsolute_Request.msg
[14.973s] -- Symlinking: /home/san/Desktop/workspace/ros2_ws/install/turtlesim/share/turtlesim/srv/TeleportAbsolute_Response.msg
[14.977s] -- Symlinking: /home/san/Desktop/workspace/ros2_ws/install/turtlesim/share/turtlesim/srv/TeleportRelative.srv
[14.981s] -- Symlinking: /home/san/Desktop/workspace/ros2_ws/install/turtlesim/share/turtlesim/srv/TeleportRelative_Request.msg
[14.985s] -- Symlinking: /home/san/Desktop/workspace/ros2_ws/install/turtlesim/share/turtlesim/srv/TeleportRelative_Response.msg
[14.990s] -- Symlinking: /home/san/Desktop/workspace/ros2_ws/install/turtlesim/lib/turtlesim/turtlesim_node
[14.995s] -- Symlinking: /home/san/Desktop/workspace/ros2_ws/install/turtlesim/lib/turtlesim/turtle_teleop_key
[15.000s] -- Symlinking: /home/san/Desktop/workspace/ros2_ws/install/turtlesim/lib/turtlesim/draw_square
[15.005s] -- Symlinking: /home/san/Desktop/workspace/ros2_ws/install/turtlesim/lib/turtlesim/mimic
[15.010s] -- Symlinking: /home/san/Desktop/workspace/ros2_ws/install/turtlesim/share/turtlesim/launch/multisim.launch.py
[15.014s] -- Symlinking: /home/san/Desktop/workspace/ros2_ws/install/turtlesim/share/ament_index/resource_index/package_run_dependencies/turtlesim
[15.019s] -- Symlinking: /home/san/Desktop/workspace/ros2_ws/install/turtlesim/share/ament_index/resource_index/parent_prefix_path/turtlesim
[15.024s] -- Symlinking: /home/san/Desktop/workspace/ros2_ws/install/turtlesim/share/turtlesim/environment/ament_prefix_path.sh
[15.029s] -- Symlinking: /home/san/Desktop/workspace/ros2_ws/install/turtlesim/share/turtlesim/environment/ament_prefix_path.dsv
[15.034s] -- Symlinking: /home/san/Desktop/workspace/ros2_ws/install/turtlesim/share/turtlesim/environment/path.sh
[15.038s] -- Symlinking: /home/san/Desktop/workspace/ros2_ws/install/turtlesim/share/turtlesim/environment/path.dsv
[15.042s] -- Symlinking: /home/san/Desktop/workspace/ros2_ws/install/turtlesim/share/turtlesim/local_setup.bash
[15.047s] -- Symlinking: /home/san/Desktop/workspace/ros2_ws/install/turtlesim/share/turtlesim/local_setup.sh
[15.051s] -- Symlinking: /home/san/Desktop/workspace/ros2_ws/install/turtlesim/share/turtlesim/local_setup.zsh
[15.055s] -- Symlinking: /home/san/Desktop/workspace/ros2_ws/install/turtlesim/share/turtlesim/local_setup.dsv
[15.059s] -- Symlinking: /home/san/Desktop/workspace/ros2_ws/install/turtlesim/share/turtlesim/package.dsv
[15.064s] -- Symlinking: /home/san/Desktop/workspace/ros2_ws/install/turtlesim/share/ament_index/resource_index/packages/turtlesim
[15.069s] -- Symlinking: /home/san/Desktop/workspace/ros2_ws/install/turtlesim/share/turtlesim/cmake/rosidl_cmake-extras.cmake
[15.073s] -- Symlinking: /home/san/Desktop/workspace/ros2_ws/install/turtlesim/share/turtlesim/cmake/ament_cmake_export_dependencies-extras.cmake
[15.077s] -- Symlinking: /home/san/Desktop/workspace/ros2_ws/install/turtlesim/share/turtlesim/cmake/ament_cmake_export_libraries-extras.cmake
[15.081s] -- Symlinking: /home/san/Desktop/workspace/ros2_ws/install/turtlesim/share/turtlesim/cmake/ament_cmake_export_targets-extras.cmake
[15.085s] -- Symlinking: /home/san/Desktop/workspace/ros2_ws/install/turtlesim/share/turtlesim/cmake/ament_cmake_export_include_directories-extras.cmake
[15.090s] -- Symlinking: /home/san/Desktop/workspace/ros2_ws/install/turtlesim/share/turtlesim/cmake/rosidl_cmake_export_typesupport_libraries-extras.cmake
[15.094s] -- Symlinking: /home/san/Desktop/workspace/ros2_ws/install/turtlesim/share/turtlesim/cmake/rosidl_cmake_export_typesupport_targets-extras.cmake
[15.099s] -- Symlinking: /home/san/Desktop/workspace/ros2_ws/install/turtlesim/share/turtlesim/cmake/turtlesimConfig.cmake
[15.104s] -- Symlinking: /home/san/Desktop/workspace/ros2_ws/install/turtlesim/share/turtlesim/cmake/turtlesimConfig-version.cmake
[15.108s] -- Symlinking: /home/san/Desktop/workspace/ros2_ws/install/turtlesim/share/turtlesim/package.xml
[15.113s] -- Installing: /home/san/Desktop/workspace/ros2_ws/install/turtlesim/lib/libturtlesim__rosidl_generator_c.so
[15.114s] -- Set runtime path of "/home/san/Desktop/workspace/ros2_ws/install/turtlesim/lib/libturtlesim__rosidl_generator_c.so" to ""
[15.114s] -- Installing: /home/san/Desktop/workspace/ros2_ws/install/turtlesim/lib/libturtlesim__rosidl_typesupport_introspection_c.so
[15.114s] -- Set runtime path of "/home/san/Desktop/workspace/ros2_ws/install/turtlesim/lib/libturtlesim__rosidl_typesupport_introspection_c.so" to ""
[15.114s] -- Installing: /home/san/Desktop/workspace/ros2_ws/install/turtlesim/lib/libturtlesim__rosidl_typesupport_c.so
[15.114s] -- Set runtime path of "/home/san/Desktop/workspace/ros2_ws/install/turtlesim/lib/libturtlesim__rosidl_typesupport_c.so" to ""
[15.114s] -- Installing: /home/san/Desktop/workspace/ros2_ws/install/turtlesim/lib/libturtlesim__rosidl_typesupport_introspection_cpp.so
[15.115s] -- Set runtime path of "/home/san/Desktop/workspace/ros2_ws/install/turtlesim/lib/libturtlesim__rosidl_typesupport_introspection_cpp.so" to ""
[15.115s] -- Installing: /home/san/Desktop/workspace/ros2_ws/install/turtlesim/lib/libturtlesim__rosidl_typesupport_cpp.so
[15.115s] -- Set runtime path of "/home/san/Desktop/workspace/ros2_ws/install/turtlesim/lib/libturtlesim__rosidl_typesupport_cpp.so" to ""
[15.133s] Compiling '/home/san/Desktop/workspace/ros2_ws/install/turtlesim/lib/python3.8/site-packages/turtlesim/__init__.py'...
[15.135s] -- Installing: /home/san/Desktop/workspace/ros2_ws/install/turtlesim/share/turtlesim/images
[15.135s] -- Installing: /home/san/Desktop/workspace/ros2_ws/install/turtlesim/share/turtlesim/images/crystal.png
[15.135s] -- Installing: /home/san/Desktop/workspace/ros2_ws/install/turtlesim/share/turtlesim/images/bouncy.png
[15.135s] -- Installing: /home/san/Desktop/workspace/ros2_ws/install/turtlesim/share/turtlesim/images/foxy.png
[15.135s] -- Installing: /home/san/Desktop/workspace/ros2_ws/install/turtlesim/share/turtlesim/images/dashing.png
[15.135s] -- Installing: /home/san/Desktop/workspace/ros2_ws/install/turtlesim/share/turtlesim/images/ardent.png
[15.135s] -- Installing: /home/san/Desktop/workspace/ros2_ws/install/turtlesim/share/turtlesim/images/eloquent.png
[15.136s] -- Installing: /home/san/Desktop/workspace/ros2_ws/install/turtlesim/share/turtlesim/cmake/turtlesim__rosidl_generator_cExport.cmake
[15.136s] -- Installing: /home/san/Desktop/workspace/ros2_ws/install/turtlesim/share/turtlesim/cmake/turtlesim__rosidl_generator_cExport-noconfig.cmake
[15.136s] -- Installing: /home/san/Desktop/workspace/ros2_ws/install/turtlesim/share/turtlesim/cmake/turtlesim__rosidl_typesupport_introspection_cExport.cmake
[15.136s] -- Installing: /home/san/Desktop/workspace/ros2_ws/install/turtlesim/share/turtlesim/cmake/turtlesim__rosidl_typesupport_introspection_cExport-noconfig.cmake
[15.136s] -- Installing: /home/san/Desktop/workspace/ros2_ws/install/turtlesim/share/turtlesim/cmake/turtlesim__rosidl_typesupport_cExport.cmake
[15.136s] -- Installing: /home/san/Desktop/workspace/ros2_ws/install/turtlesim/share/turtlesim/cmake/turtlesim__rosidl_typesupport_cExport-noconfig.cmake
[15.136s] -- Installing: /home/san/Desktop/workspace/ros2_ws/install/turtlesim/share/turtlesim/cmake/turtlesim__rosidl_generator_cppExport.cmake
[15.136s] -- Installing: /home/san/Desktop/workspace/ros2_ws/install/turtlesim/share/turtlesim/cmake/turtlesim__rosidl_typesupport_introspection_cppExport.cmake
[15.136s] -- Installing: /home/san/Desktop/workspace/ros2_ws/install/turtlesim/share/turtlesim/cmake/turtlesim__rosidl_typesupport_introspection_cppExport-noconfig.cmake
[15.136s] -- Installing: /home/san/Desktop/workspace/ros2_ws/install/turtlesim/share/turtlesim/cmake/turtlesim__rosidl_typesupport_cppExport.cmake
[15.137s] -- Installing: /home/san/Desktop/workspace/ros2_ws/install/turtlesim/share/turtlesim/cmake/turtlesim__rosidl_typesupport_cppExport-noconfig.cmake
[15.138s] Invoked command in '/home/san/Desktop/workspace/ros2_ws/build/turtlesim' returned '0': CMAKE_PREFIX_PATH=/opt/ros/foxy /usr/bin/cmake --install /home/san/Desktop/workspace/ros2_ws/build/turtlesim
