[0.009s] Invoking command in '/home/san/Desktop/workspace/ros2_ws/build/gcamp_gazebo': CMAKE_PREFIX_PATH=/opt/ros/foxy /usr/bin/cmake /home/san/Desktop/workspace/ros2_ws/src/gcamp_ros2_basic/gcamp_gazebo -DAMENT_CMAKE_SYMLINK_INSTALL=1 -DCMAKE_INSTALL_PREFIX=/home/san/Desktop/workspace/ros2_ws/install/gcamp_gazebo
[0.149s] -- The C compiler identification is GNU 9.4.0
[0.235s] -- The CXX compiler identification is GNU 9.4.0
[0.242s] -- Check for working C compiler: /usr/bin/cc
[0.286s] -- Check for working C compiler: /usr/bin/cc -- works
[0.287s] -- Detecting C compiler ABI info
[0.324s] -- Detecting C compiler ABI info - done
[0.331s] -- Detecting C compile features
[0.332s] -- Detecting C compile features - done
[0.335s] -- Check for working CXX compiler: /usr/bin/c++
[0.376s] -- Check for working CXX compiler: /usr/bin/c++ -- works
[0.376s] -- Detecting CXX compiler ABI info
[0.442s] -- Detecting CXX compiler ABI info - done
[0.450s] -- Detecting CXX compile features
[0.450s] -- Detecting CXX compile features - done
[0.456s] -- Found ament_cmake: 0.9.12 (/opt/ros/foxy/share/ament_cmake/cmake)
[0.473s] -- Found PythonInterp: /usr/bin/python3 (found suitable version "3.8.10", minimum required is "3") 
[0.473s] -- Using PYTHON_EXECUTABLE: /usr/bin/python3
[0.564s] -- Override CMake install command with custom implementation using symlinks instead of copying resources
[0.588s] -- Found ament_lint_auto: 0.9.8 (/opt/ros/foxy/share/ament_lint_auto/cmake)
[0.639s] -- Added test 'copyright' to check source files copyright and LICENSE
[0.643s] -- Added test 'flake8' to check Python code syntax and style conventions
[0.644s] -- Added test 'lint_cmake' to check CMake code style
[0.645s] -- Added test 'pep257' to check Python code against some of the style conventions in PEP 257
[0.647s] -- Added test 'xmllint' to check XML markup files
[0.649s] -- Configuring done
[0.650s] -- Generating done
[0.651s] -- Build files have been written to: /home/san/Desktop/workspace/ros2_ws/build/gcamp_gazebo
[0.655s] Invoked command in '/home/san/Desktop/workspace/ros2_ws/build/gcamp_gazebo' returned '0': CMAKE_PREFIX_PATH=/opt/ros/foxy /usr/bin/cmake /home/san/Desktop/workspace/ros2_ws/src/gcamp_ros2_basic/gcamp_gazebo -DAMENT_CMAKE_SYMLINK_INSTALL=1 -DCMAKE_INSTALL_PREFIX=/home/san/Desktop/workspace/ros2_ws/install/gcamp_gazebo
[0.656s] Invoking command in '/home/san/Desktop/workspace/ros2_ws/build/gcamp_gazebo': CMAKE_PREFIX_PATH=/opt/ros/foxy /usr/bin/cmake --build /home/san/Desktop/workspace/ros2_ws/build/gcamp_gazebo -- -j4 -l4
[0.677s] Invoked command in '/home/san/Desktop/workspace/ros2_ws/build/gcamp_gazebo' returned '0': CMAKE_PREFIX_PATH=/opt/ros/foxy /usr/bin/cmake --build /home/san/Desktop/workspace/ros2_ws/build/gcamp_gazebo -- -j4 -l4
[0.695s] Invoking command in '/home/san/Desktop/workspace/ros2_ws/build/gcamp_gazebo': CMAKE_PREFIX_PATH=/opt/ros/foxy /usr/bin/cmake --install /home/san/Desktop/workspace/ros2_ws/build/gcamp_gazebo
[0.698s] -- Install configuration: ""
[0.699s] -- Execute custom install script
[0.699s] -- Symlinking: /home/san/Desktop/workspace/ros2_ws/install/gcamp_gazebo/share/gcamp_gazebo/launch/diffbot_description.launch.py
[0.703s] -- Symlinking: /home/san/Desktop/workspace/ros2_ws/install/gcamp_gazebo/share/gcamp_gazebo/launch/empty_world.launch.py
[0.707s] -- Symlinking: /home/san/Desktop/workspace/ros2_ws/install/gcamp_gazebo/share/gcamp_gazebo/launch/first_launch.launch.py
[0.711s] -- Symlinking: /home/san/Desktop/workspace/ros2_ws/install/gcamp_gazebo/share/gcamp_gazebo/launch/gcamp_world.launch.py
[0.715s] -- Symlinking: /home/san/Desktop/workspace/ros2_ws/install/gcamp_gazebo/share/gcamp_gazebo/launch/gcamp_world_windows.launch.py
[0.719s] -- Symlinking: /home/san/Desktop/workspace/ros2_ws/install/gcamp_gazebo/share/gcamp_gazebo/launch/maze_world.launch.py
[0.723s] -- Symlinking: /home/san/Desktop/workspace/ros2_ws/install/gcamp_gazebo/share/gcamp_gazebo/launch/second_launch.launch.py
[0.727s] -- Symlinking: /home/san/Desktop/workspace/ros2_ws/install/gcamp_gazebo/share/gcamp_gazebo/launch/skid_robot_world.launch.py
[0.731s] -- Symlinking: /home/san/Desktop/workspace/ros2_ws/install/gcamp_gazebo/share/gcamp_gazebo/launch/skidbot_description.launch.py
[0.735s] -- Symlinking: /home/san/Desktop/workspace/ros2_ws/install/gcamp_gazebo/share/gcamp_gazebo/launch/spawn_entity.launch.py
[0.740s] -- Symlinking: /home/san/Desktop/workspace/ros2_ws/install/gcamp_gazebo/share/gcamp_gazebo/launch/tinybot_description.launch.py
[0.744s] -- Symlinking: /home/san/Desktop/workspace/ros2_ws/install/gcamp_gazebo/share/gcamp_gazebo/worlds/bocbot_office.world
[0.749s] -- Symlinking: /home/san/Desktop/workspace/ros2_ws/install/gcamp_gazebo/share/gcamp_gazebo/worlds/gcamp_world.world
[0.754s] -- Symlinking: /home/san/Desktop/workspace/ros2_ws/install/gcamp_gazebo/share/gcamp_gazebo/worlds/maze_world.world
[0.759s] -- Symlinking: /home/san/Desktop/workspace/ros2_ws/install/gcamp_gazebo/share/gcamp_gazebo/urdf/diffbot.gazebo
[0.764s] -- Symlinking: /home/san/Desktop/workspace/ros2_ws/install/gcamp_gazebo/share/gcamp_gazebo/urdf/diffbot.urdf
[0.768s] -- Symlinking: /home/san/Desktop/workspace/ros2_ws/install/gcamp_gazebo/share/gcamp_gazebo/urdf/diffbot.urdf.xacro
[0.773s] -- Symlinking: /home/san/Desktop/workspace/ros2_ws/install/gcamp_gazebo/share/gcamp_gazebo/urdf/sambot.urdf
[0.777s] -- Symlinking: /home/san/Desktop/workspace/ros2_ws/install/gcamp_gazebo/share/gcamp_gazebo/urdf/skidbot.gazebo
[0.782s] -- Symlinking: /home/san/Desktop/workspace/ros2_ws/install/gcamp_gazebo/share/gcamp_gazebo/urdf/skidbot.urdf
[0.786s] -- Symlinking: /home/san/Desktop/workspace/ros2_ws/install/gcamp_gazebo/share/gcamp_gazebo/urdf/skidbot.urdf.xacro
[0.790s] -- Symlinking: /home/san/Desktop/workspace/ros2_ws/install/gcamp_gazebo/share/gcamp_gazebo/urdf/skidbot2.gazebo
[0.795s] -- Symlinking: /home/san/Desktop/workspace/ros2_ws/install/gcamp_gazebo/share/gcamp_gazebo/urdf/skidbot2.urdf
[0.799s] -- Symlinking: /home/san/Desktop/workspace/ros2_ws/install/gcamp_gazebo/share/gcamp_gazebo/urdf/skidbot2.urdf.xacro
[0.804s] -- Symlinking: /home/san/Desktop/workspace/ros2_ws/install/gcamp_gazebo/share/gcamp_gazebo/urdf/tinybot_diff.gazebo
[0.808s] -- Symlinking: /home/san/Desktop/workspace/ros2_ws/install/gcamp_gazebo/share/gcamp_gazebo/urdf/tinybot_diff.urdf
[0.813s] -- Symlinking: /home/san/Desktop/workspace/ros2_ws/install/gcamp_gazebo/share/gcamp_gazebo/urdf/tinybot_diff.urdf.xacro
[0.817s] -- Symlinking: /home/san/Desktop/workspace/ros2_ws/install/gcamp_gazebo/share/gcamp_gazebo/urdf/turtlebot.sdf
[0.821s] -- Symlinking: /home/san/Desktop/workspace/ros2_ws/install/gcamp_gazebo/share/gcamp_gazebo/rviz/description.rviz
[0.826s] -- Symlinking: /home/san/Desktop/workspace/ros2_ws/install/gcamp_gazebo/share/gcamp_gazebo/rviz/diffbot.rviz
[0.831s] -- Symlinking: /home/san/Desktop/workspace/ros2_ws/install/gcamp_gazebo/share/gcamp_gazebo/rviz/skidbot.rviz
[0.836s] -- Symlinking: /home/san/Desktop/workspace/ros2_ws/install/gcamp_gazebo/share/gcamp_gazebo/rviz/tinybot.rviz
[0.841s] -- Symlinking: /home/san/Desktop/workspace/ros2_ws/install/gcamp_gazebo/share/ament_index/resource_index/package_run_dependencies/gcamp_gazebo
[0.846s] -- Symlinking: /home/san/Desktop/workspace/ros2_ws/install/gcamp_gazebo/share/ament_index/resource_index/parent_prefix_path/gcamp_gazebo
[0.851s] -- Symlinking: /home/san/Desktop/workspace/ros2_ws/install/gcamp_gazebo/share/gcamp_gazebo/environment/ament_prefix_path.sh
[0.856s] -- Symlinking: /home/san/Desktop/workspace/ros2_ws/install/gcamp_gazebo/share/gcamp_gazebo/environment/ament_prefix_path.dsv
[0.861s] -- Symlinking: /home/san/Desktop/workspace/ros2_ws/install/gcamp_gazebo/share/gcamp_gazebo/environment/path.sh
[0.866s] -- Symlinking: /home/san/Desktop/workspace/ros2_ws/install/gcamp_gazebo/share/gcamp_gazebo/environment/path.dsv
[0.871s] -- Symlinking: /home/san/Desktop/workspace/ros2_ws/install/gcamp_gazebo/share/gcamp_gazebo/local_setup.bash
[0.875s] -- Symlinking: /home/san/Desktop/workspace/ros2_ws/install/gcamp_gazebo/share/gcamp_gazebo/local_setup.sh
[0.880s] -- Symlinking: /home/san/Desktop/workspace/ros2_ws/install/gcamp_gazebo/share/gcamp_gazebo/local_setup.zsh
[0.885s] -- Symlinking: /home/san/Desktop/workspace/ros2_ws/install/gcamp_gazebo/share/gcamp_gazebo/local_setup.dsv
[0.890s] -- Symlinking: /home/san/Desktop/workspace/ros2_ws/install/gcamp_gazebo/share/gcamp_gazebo/package.dsv
[0.895s] -- Symlinking: /home/san/Desktop/workspace/ros2_ws/install/gcamp_gazebo/share/ament_index/resource_index/packages/gcamp_gazebo
[0.900s] -- Symlinking: /home/san/Desktop/workspace/ros2_ws/install/gcamp_gazebo/share/gcamp_gazebo/cmake/gcamp_gazeboConfig.cmake
[0.904s] -- Symlinking: /home/san/Desktop/workspace/ros2_ws/install/gcamp_gazebo/share/gcamp_gazebo/cmake/gcamp_gazeboConfig-version.cmake
[0.909s] -- Symlinking: /home/san/Desktop/workspace/ros2_ws/install/gcamp_gazebo/share/gcamp_gazebo/package.xml
[0.915s] Invoked command in '/home/san/Desktop/workspace/ros2_ws/build/gcamp_gazebo' returned '0': CMAKE_PREFIX_PATH=/opt/ros/foxy /usr/bin/cmake --install /home/san/Desktop/workspace/ros2_ws/build/gcamp_gazebo
