running develop
running egg_info
creating py_topic_pkg.egg-info
writing py_topic_pkg.egg-info/PKG-INFO
writing dependency_links to py_topic_pkg.egg-info/dependency_links.txt
writing entry points to py_topic_pkg.egg-info/entry_points.txt
writing requirements to py_topic_pkg.egg-info/requires.txt
writing top-level names to py_topic_pkg.egg-info/top_level.txt
writing manifest file 'py_topic_pkg.egg-info/SOURCES.txt'
reading manifest file 'py_topic_pkg.egg-info/SOURCES.txt'
writing manifest file 'py_topic_pkg.egg-info/SOURCES.txt'
running build_ext
Creating /home/san/Desktop/workspace/ros2_ws/install/py_topic_pkg/lib/python3.8/site-packages/site.py
Creating /home/san/Desktop/workspace/ros2_ws/install/py_topic_pkg/lib/python3.8/site-packages/py-topic-pkg.egg-link (link to .)
Installing cmd_vel_pub_node script to /home/san/Desktop/workspace/ros2_ws/install/py_topic_pkg/lib/py_topic_pkg
Installing endless_cmd_vel_pub_node script to /home/san/Desktop/workspace/ros2_ws/install/py_topic_pkg/lib/py_topic_pkg
Installing laser_raw_node script to /home/san/Desktop/workspace/ros2_ws/install/py_topic_pkg/lib/py_topic_pkg
Installing laser_sub_node script to /home/san/Desktop/workspace/ros2_ws/install/py_topic_pkg/lib/py_topic_pkg
Installing parking_node script to /home/san/Desktop/workspace/ros2_ws/install/py_topic_pkg/lib/py_topic_pkg

Installed /home/san/Desktop/workspace/ros2_ws/build/py_topic_pkg
running symlink_data
creating /home/san/Desktop/workspace/ros2_ws/install/py_topic_pkg/share/ament_index
creating /home/san/Desktop/workspace/ros2_ws/install/py_topic_pkg/share/ament_index/resource_index
creating /home/san/Desktop/workspace/ros2_ws/install/py_topic_pkg/share/ament_index/resource_index/packages
symbolically linking /home/san/Desktop/workspace/ros2_ws/build/py_topic_pkg/resource/py_topic_pkg -> /home/san/Desktop/workspace/ros2_ws/install/py_topic_pkg/share/ament_index/resource_index/packages
symbolically linking /home/san/Desktop/workspace/ros2_ws/build/py_topic_pkg/package.xml -> /home/san/Desktop/workspace/ros2_ws/install/py_topic_pkg/share/py_topic_pkg
creating /home/san/Desktop/workspace/ros2_ws/install/py_topic_pkg/share/py_topic_pkg/launch
symbolically linking /home/san/Desktop/workspace/ros2_ws/build/py_topic_pkg/launch/cmd_vel_pub.launch.py -> /home/san/Desktop/workspace/ros2_ws/install/py_topic_pkg/share/py_topic_pkg/launch
